app/build/outputs/logs/manifest-merger-debug-report.txt
-- Merging decision tree log ---
manifest
ADDED from src/main/AndroidManifest.xml:2:1-82:12
	package
		ADDED from src/main/AndroidManifest.xml:3:5-30
		INJECTED from src/main/AndroidManifest.xml
		INJECTED from src/main/AndroidManifest.xml
	android:versionName
		ADDED from src/main/AndroidManifest.xml:5:5-30
		INJECTED from src/main/AndroidManifest.xml
		INJECTED from src/main/AndroidManifest.xml
	android:versionCode
		ADDED from src/main/AndroidManifest.xml:4:5-29
		INJECTED from src/main/AndroidManifest.xml
		INJECTED from src/main/AndroidManifest.xml
	xmlns:android
		ADDED from src/main/AndroidManifest.xml:2:11-69
uses-permission#com.android.alarm.permission.SET_ALARM
ADDED from src/main/AndroidManifest.xml:7:5-78
	android:name
		ADDED from src/main/AndroidManifest.xml:7:22-75
uses-permission#android.permission.INTERNET
ADDED from src/main/AndroidManifest.xml:8:5-67
	android:name
		ADDED from src/main/AndroidManifest.xml:8:22-64
uses-permission#android.permission.ACCESS_WIFI_STATE
ADDED from src/main/AndroidManifest.xml:9:5-76
	android:name
		ADDED from src/main/AndroidManifest.xml:9:22-73
uses-permission#android.permission.ACCESS_NETWORK_STATE
ADDED from src/main/AndroidManifest.xml:10:5-79
	android:name
		ADDED from src/main/AndroidManifest.xml:10:22-76
uses-permission#android.permission.READ_CALENDAR
ADDED from src/main/AndroidManifest.xml:11:5-72
	android:name
		ADDED from src/main/AndroidManifest.xml:11:22-69
uses-permission#android.permission.WRITE_CALENDAR
ADDED from src/main/AndroidManifest.xml:12:5-73
	android:name
		ADDED from src/main/AndroidManifest.xml:12:22-70
uses-permission#android.permission.GET_ACCOUNTS
ADDED from src/main/AndroidManifest.xml:13:5-71
	android:name
		ADDED from src/main/AndroidManifest.xml:13:22-68
uses-permission#com.google.android.c2dm.permission.RECEIVE
ADDED from src/main/AndroidManifest.xml:14:2-79
	android:name
		ADDED from src/main/AndroidManifest.xml:14:19-76
uses-permission#android.permission.WAKE_LOCK
ADDED from src/main/AndroidManifest.xml:15:2-65
	android:name
		ADDED from src/main/AndroidManifest.xml:15:19-62
uses-permission#android.permission.VIBRATE
ADDED from src/main/AndroidManifest.xml:16:2-63
	android:name
		ADDED from src/main/AndroidManifest.xml:16:19-60
uses-permission#android.permission.RECEIVE_BOOT_COMPLETED
ADDED from src/main/AndroidManifest.xml:17:5-81
	android:name
		ADDED from src/main/AndroidManifest.xml:17:22-78
uses-sdk
ADDED from src/main/AndroidManifest.xml:19:5-21:41
MERGED from [com.felipecsl:gifimageview:2.1.0] AndroidManifest.xml:8:5-43
	android:targetSdkVersion
		ADDED from src/main/AndroidManifest.xml:21:9-38
		INJECTED from src/main/AndroidManifest.xml
		INJECTED from src/main/AndroidManifest.xml
	android:minSdkVersion
		ADDED from src/main/AndroidManifest.xml:20:9-35
		INJECTED from src/main/AndroidManifest.xml
		INJECTED from src/main/AndroidManifest.xml
permission#com.local.amjbc.permission.C2D_MESSAGE
ADDED from src/main/AndroidManifest.xml:23:5-109
	android:protectionLevel
		ADDED from src/main/AndroidManifest.xml:23:71-106
	android:name
		ADDED from src/main/AndroidManifest.xml:23:17-70
uses-permission#com.local.amjbc.permission.C2D_MESSAGE
ADDED from src/main/AndroidManifest.xml:24:2-75
	android:name
		ADDED from src/main/AndroidManifest.xml:24:19-72
application
ADDED from src/main/AndroidManifest.xml:26:5-81:19
MERGED from [com.felipecsl:gifimageview:2.1.0] AndroidManifest.xml:10:5-20
	android:label
		ADDED from src/main/AndroidManifest.xml:30:9-41
	android:allowBackup
		ADDED from src/main/AndroidManifest.xml:28:9-35
	android:icon
		ADDED from src/main/AndroidManifest.xml:29:9-44
	android:theme
		ADDED from src/main/AndroidManifest.xml:31:9-40
	android:name
		ADDED from src/main/AndroidManifest.xml:27:9-51
activity#com.local.amjbc.MainActivity
ADDED from src/main/AndroidManifest.xml:33:9-38:20
	android:screenOrientation
		ADDED from src/main/AndroidManifest.xml:37:13-49
	android:label
		ADDED from src/main/AndroidManifest.xml:35:13-45
	android:theme
		ADDED from src/main/AndroidManifest.xml:36:13-56
	android:name
		ADDED from src/main/AndroidManifest.xml:34:13-56
activity#com.local.amjbc.chandacal.DetailActivity
ADDED from src/main/AndroidManifest.xml:40:9-42:20
	android:name
		ADDED from src/main/AndroidManifest.xml:41:13-68
activity#com.local.amjbc.Splash
ADDED from src/main/AndroidManifest.xml:44:9-54:20
	android:screenOrientation
		ADDED from src/main/AndroidManifest.xml:48:13-49
	android:label
		ADDED from src/main/AndroidManifest.xml:46:13-58
	android:theme
		ADDED from src/main/AndroidManifest.xml:47:13-60
	android:name
		ADDED from src/main/AndroidManifest.xml:45:13-50
intent-filter#android.intent.action.MAIN+android.intent.category.LAUNCHER
ADDED from src/main/AndroidManifest.xml:50:25-53:29
action#android.intent.action.MAIN
ADDED from src/main/AndroidManifest.xml:51:17-69
	android:name
		ADDED from src/main/AndroidManifest.xml:51:25-66
category#android.intent.category.LAUNCHER
ADDED from src/main/AndroidManifest.xml:52:17-77
	android:name
		ADDED from src/main/AndroidManifest.xml:52:27-74
service#com.parse.PushService
ADDED from src/main/AndroidManifest.xml:56:2-50
	android:name
		ADDED from src/main/AndroidManifest.xml:56:11-47
receiver#com.local.amjbc.parse.ParseReciever
ADDED from src/main/AndroidManifest.xml:59:7-66:18
	android:exported
		ADDED from src/main/AndroidManifest.xml:59:53-77
	android:name
		ADDED from src/main/AndroidManifest.xml:59:17-52
intent-filter#com.local.amjbc.Recieve_Push+com.parse.push.intent.DELETE+com.parse.push.intent.OPEN+com.parse.push.intent.RECEIVE
ADDED from src/main/AndroidManifest.xml:60:11-65:27
action#com.local.amjbc.Recieve_Push
ADDED from src/main/AndroidManifest.xml:61:15-68
	android:name
		ADDED from src/main/AndroidManifest.xml:61:23-66
action#com.parse.push.intent.RECEIVE
ADDED from src/main/AndroidManifest.xml:62:9-64
	android:name
		ADDED from src/main/AndroidManifest.xml:62:17-61
action#com.parse.push.intent.DELETE
ADDED from src/main/AndroidManifest.xml:63:8-62
	android:name
		ADDED from src/main/AndroidManifest.xml:63:16-59
action#com.parse.push.intent.OPEN
ADDED from src/main/AndroidManifest.xml:64:8-60
	android:name
		ADDED from src/main/AndroidManifest.xml:64:16-57
receiver#com.parse.GcmBroadcastReceiver
ADDED from src/main/AndroidManifest.xml:68:4-75:15
	android:permission
		ADDED from src/main/AndroidManifest.xml:69:11-71
	android:name
		ADDED from src/main/AndroidManifest.xml:68:14-59
intent-filter#com.google.android.c2dm.intent.RECEIVE+com.google.android.c2dm.intent.REGISTRATION+com.local.amjbc
ADDED from src/main/AndroidManifest.xml:70:7-74:23
action#com.google.android.c2dm.intent.RECEIVE
ADDED from src/main/AndroidManifest.xml:71:9-73
	android:name
		ADDED from src/main/AndroidManifest.xml:71:17-70
action#com.google.android.c2dm.intent.REGISTRATION
ADDED from src/main/AndroidManifest.xml:72:9-78
	android:name
		ADDED from src/main/AndroidManifest.xml:72:17-75
category#com.local.amjbc
ADDED from src/main/AndroidManifest.xml:73:9-52
	android:name
		ADDED from src/main/AndroidManifest.xml:73:19-49
receiver#com.local.amjbc.NotificationPublisher
ADDED from src/main/AndroidManifest.xml:76:9-80:24
	android:name
		ADDED from src/main/AndroidManifest.xml:76:19-56
intent-filter#android.intent.action.PHONE_STATE
ADDED from src/main/AndroidManifest.xml:77:13-79:29
action#android.intent.action.PHONE_STATE
ADDED from src/main/AndroidManifest.xml:78:17-76
	android:name
		ADDED from src/main/AndroidManifest.xml:78:25-73